<?xml version="1.0" encoding="UTF-8"?>
<!-- Generated by org.testng.reporters.JUnitReportReporter -->
<testsuite hostname="LTIN201716" failures="0" tests="1" name="TestCase.Test_HealthInsurance" time="0.844" errors="0" timestamp="2024-03-29T10:32:12 IST" skipped="0">
  <testcase classname="TestCase.Test_HealthInsurance" name="f" time="0.844"/>
  <system-out/>
</testsuite> <!-- TestCase.Test_HealthInsurance -->
