<?xml version="1.0" encoding="UTF-8"?>
<!-- Generated by org.testng.reporters.JUnitReportReporter -->
<testsuite hostname="LTIN296695" failures="0" tests="1" name="TestCase.Test_CarInsurance" time="0.007" errors="0" timestamp="2024-03-26T12:08:27 IST" skipped="0">
  <testcase classname="TestCase.Test_CarInsurance" name="f" time="0.007"/>
  <system-out/>
</testsuite> <!-- TestCase.Test_CarInsurance -->
